c:\users\ayoub\documents\learning\git_github\projets\elevator-management-ui\asc_management\appli_ascenseur\x64\debug\appli_ascenseur.pch
c:\users\ayoub\documents\learning\git_github\projets\elevator-management-ui\asc_management\appli_ascenseur\x64\debug\vc142.pdb
c:\users\ayoub\documents\learning\git_github\projets\elevator-management-ui\asc_management\appli_ascenseur\x64\debug\vc142.idb
c:\users\ayoub\documents\learning\git_github\projets\elevator-management-ui\asc_management\appli_ascenseur\x64\debug\pch.obj
c:\users\ayoub\documents\learning\git_github\projets\elevator-management-ui\asc_management\appli_ascenseur\x64\debug\libasc.obj
c:\users\ayoub\documents\learning\git_github\projets\elevator-management-ui\asc_management\appli_ascenseur\x64\debug\appli_ascenseurdlg.obj
c:\users\ayoub\documents\learning\git_github\projets\elevator-management-ui\asc_management\appli_ascenseur\x64\debug\appli_ascenseur.obj
c:\users\ayoub\documents\learning\git_github\projets\elevator-management-ui\asc_management\appli_ascenseur\x64\debug\appli_ascenseur.ilk
c:\users\ayoub\documents\learning\git_github\projets\elevator-management-ui\asc_management\x64\debug\appli_ascenseur.exe
c:\users\ayoub\documents\learning\git_github\projets\elevator-management-ui\asc_management\x64\debug\appli_ascenseur.pdb
c:\users\ayoub\documents\learning\git_github\projets\elevator-management-ui\asc_management\appli_ascenseur\x64\debug\appliascenseur.res
c:\users\ayoub\documents\learning\git_github\projets\elevator-management-ui\asc_management\appli_ascenseur\x64\debug\appli_ascenseur.tlog\cl.command.1.tlog
c:\users\ayoub\documents\learning\git_github\projets\elevator-management-ui\asc_management\appli_ascenseur\x64\debug\appli_ascenseur.tlog\cl.read.1.tlog
c:\users\ayoub\documents\learning\git_github\projets\elevator-management-ui\asc_management\appli_ascenseur\x64\debug\appli_ascenseur.tlog\cl.write.1.tlog
c:\users\ayoub\documents\learning\git_github\projets\elevator-management-ui\asc_management\appli_ascenseur\x64\debug\appli_ascenseur.tlog\link.command.1.tlog
c:\users\ayoub\documents\learning\git_github\projets\elevator-management-ui\asc_management\appli_ascenseur\x64\debug\appli_ascenseur.tlog\link.read.1.tlog
c:\users\ayoub\documents\learning\git_github\projets\elevator-management-ui\asc_management\appli_ascenseur\x64\debug\appli_ascenseur.tlog\link.write.1.tlog
c:\users\ayoub\documents\learning\git_github\projets\elevator-management-ui\asc_management\appli_ascenseur\x64\debug\appli_ascenseur.tlog\rc.command.1.tlog
c:\users\ayoub\documents\learning\git_github\projets\elevator-management-ui\asc_management\appli_ascenseur\x64\debug\appli_ascenseur.tlog\rc.read.1.tlog
c:\users\ayoub\documents\learning\git_github\projets\elevator-management-ui\asc_management\appli_ascenseur\x64\debug\appli_ascenseur.tlog\rc.write.1.tlog
